<?xml version="1.0" encoding="UTF-8"?>
<!-- Generated by org.testng.reporters.JUnitReportReporter -->
<testsuite hostname="LAPTOP-IVNS6M7R" failures="0" tests="1" name="com.azuretesting.scripts.wesitetest" time="231.537" errors="0" timestamp="2022-06-18T17:28:16 IST" skipped="0">
  <testcase classname="com.azuretesting.scripts.wesitetest" name="verifycheckbox" time="231.537"/>
  <system-out/>
</testsuite> <!-- com.azuretesting.scripts.wesitetest -->
